<?xml version="1.0" encoding="UTF-8"?>
<testsuite name="CalculatorTest" tests="1" skipped="0" failures="0" errors="0" timestamp="2017-01-20T20:45:39" hostname="COMPOZED-G2-125" time="0.003">
  <properties/>
  <testcase name="testing_calculator" classname="CalculatorTest" time="0.003"/>
  <system-out><![CDATA[]]></system-out>
  <system-err><![CDATA[]]></system-err>
</testsuite>
